{
  "RSpec": {
    "coverage": {
      "/home/fc-anjos/programming/microverse/main-curriculum/rails/ror-social-scaffold/app/models/friendship.rb": {
        "lines": [
          1,
          1,
          1,
          null,
          6,
          1,
          null
        ]
      },
      "/home/fc-anjos/programming/microverse/main-curriculum/rails/ror-social-scaffold/app/models/application_record.rb": {
        "lines": [
          1,
          1,
          null
        ]
      },
      "/home/fc-anjos/programming/microverse/main-curriculum/rails/ror-social-scaffold/app/models/user.rb": {
        "lines": [
          1,
          1,
          null,
          null,
          null,
          null,
          null,
          1,
          null,
          1,
          null,
          1,
          1,
          null,
          1,
          2,
          null,
          null,
          1,
          3,
          null,
          null,
          1,
          null,
          null,
          null,
          null,
          1,
          null,
          null,
          null,
          null,
          1,
          null,
          8,
          null,
          null,
          null,
          null,
          null,
          null,
          null,
          null,
          1,
          4,
          null,
          null,
          null,
          null,
          null,
          null
        ]
      },
      "/home/fc-anjos/programming/microverse/main-curriculum/rails/ror-social-scaffold/app/helpers/application_helper.rb": {
        "lines": [
          1,
          1,
          0,
          null,
          0,
          0,
          null,
          null,
          null,
          1,
          0,
          0,
          0,
          null,
          0,
          null,
          null,
          null
        ]
      },
      "/home/fc-anjos/programming/microverse/main-curriculum/rails/ror-social-scaffold/app/helpers/friendships_helper.rb": {
        "lines": [
          1,
          null
        ]
      },
      "/home/fc-anjos/programming/microverse/main-curriculum/rails/ror-social-scaffold/app/helpers/user_helper.rb": {
        "lines": [
          1,
          1,
          5,
          null,
          null,
          4,
          4,
          null,
          4,
          1,
          null,
          null,
          null,
          null,
          3,
          1,
          null,
          null,
          1,
          null,
          null,
          null,
          null,
          null,
          null,
          1,
          null,
          null,
          null,
          null,
          null,
          1,
          2,
          1,
          null,
          null,
          null,
          null,
          null,
          1,
          null,
          null,
          null,
          null,
          null,
          null,
          null,
          1,
          null,
          5,
          null,
          5,
          null,
          5,
          5,
          null,
          null
        ]
      }
    },
    "timestamp": 1594765779
  }
}
